<?xml version="1.0" encoding="UTF-8"?>
<testng-results skipped="1" failed="0" total="1" passed="0">
  <reporter-output>
    <line>
      <![CDATA[Setting up reports and test is getting started]]>
    </line>
    <line>
      <![CDATA[Setting Done and test can be started]]>
    </line>
    <line>
      <![CDATA[Trying to start browser and getting application ready]]>
    </line>
  </reporter-output>
  <suite name="Default suite" duration-ms="18284" started-at="2019-04-12T11:43:12Z" finished-at="2019-04-12T11:43:30Z">
    <groups>
    </groups>
    <test name="Default test" duration-ms="18284" started-at="2019-04-12T11:43:12Z" finished-at="2019-04-12T11:43:30Z">
      <class name="com.learnautomation.testcases.LoginTestCRM">
        <test-method status="PASS" signature="setupSuite()[pri:0, instance:com.learnautomation.testcases.LoginTestCRM@1fbc7afb]" name="setupSuite" is-config="true" duration-ms="1560" started-at="2019-04-12T17:13:11Z" finished-at="2019-04-12T17:13:12Z">
          <reporter-output>
            <line>
              <![CDATA[Setting up reports and test is getting started]]>
            </line>
            <line>
              <![CDATA[Setting Done and test can be started]]>
            </line>
          </reporter-output>
        </test-method> <!-- setupSuite -->
        <test-method status="FAIL" signature="setup()[pri:0, instance:com.learnautomation.testcases.LoginTestCRM@1fbc7afb]" name="setup" is-config="true" duration-ms="0" started-at="2019-04-12T17:13:12Z" finished-at="2019-04-12T17:13:12Z">
          <exception class="java.lang.NullPointerException">
            <full-stacktrace>
              <![CDATA[java.lang.NullPointerException
	at com.learnautomation.pages.BassClass.setup(BassClass.java:59)
	at sun.reflect.NativeMethodAccessorImpl.invoke0(Native Method)
	at sun.reflect.NativeMethodAccessorImpl.invoke(NativeMethodAccessorImpl.java:62)
	at sun.reflect.DelegatingMethodAccessorImpl.invoke(DelegatingMethodAccessorImpl.java:43)
	at java.lang.reflect.Method.invoke(Method.java:498)
	at org.testng.internal.MethodInvocationHelper.invokeMethod(MethodInvocationHelper.java:85)
	at org.testng.internal.Invoker.invokeConfigurationMethod(Invoker.java:521)
	at org.testng.internal.Invoker.invokeConfigurations(Invoker.java:213)
	at org.testng.internal.Invoker.invokeConfigurations(Invoker.java:140)
	at org.testng.internal.TestMethodWorker.invokeBeforeClassMethods(TestMethodWorker.java:170)
	at org.testng.internal.TestMethodWorker.run(TestMethodWorker.java:104)
	at org.testng.TestRunner.privateRun(TestRunner.java:771)
	at org.testng.TestRunner.run(TestRunner.java:621)
	at org.testng.SuiteRunner.runTest(SuiteRunner.java:357)
	at org.testng.SuiteRunner.runSequentially(SuiteRunner.java:352)
	at org.testng.SuiteRunner.privateRun(SuiteRunner.java:310)
	at org.testng.SuiteRunner.run(SuiteRunner.java:259)
	at org.testng.SuiteRunnerWorker.runSuite(SuiteRunnerWorker.java:52)
	at org.testng.SuiteRunnerWorker.run(SuiteRunnerWorker.java:86)
	at org.testng.TestNG.runSuitesSequentially(TestNG.java:1200)
	at org.testng.TestNG.runSuitesLocally(TestNG.java:1125)
	at org.testng.TestNG.run(TestNG.java:1033)
	at org.testng.remote.RemoteTestNG.run(RemoteTestNG.java:111)
	at org.testng.remote.RemoteTestNG.initAndRun(RemoteTestNG.java:204)
	at org.testng.remote.RemoteTestNG.main(RemoteTestNG.java:175)
]]>
            </full-stacktrace>
          </exception> <!-- java.lang.NullPointerException -->
          <reporter-output>
            <line>
              <![CDATA[Trying to start browser and getting application ready]]>
            </line>
          </reporter-output>
        </test-method> <!-- setup -->
        <test-method status="SKIP" signature="loginApp()[pri:0, instance:com.learnautomation.testcases.LoginTestCRM@1fbc7afb]" name="loginApp" duration-ms="8" started-at="2019-04-12T17:13:30Z" finished-at="2019-04-12T17:13:30Z">
          <reporter-output>
          </reporter-output>
        </test-method> <!-- loginApp -->
        <test-method status="SKIP" signature="teardownmethod(org.testng.ITestResult)[pri:0, instance:com.learnautomation.testcases.LoginTestCRM@1fbc7afb]" name="teardownmethod" is-config="true" duration-ms="0" started-at="2019-04-12T17:13:30Z" finished-at="2019-04-12T17:13:30Z">
          <reporter-output>
          </reporter-output>
        </test-method> <!-- teardownmethod -->
        <test-method status="SKIP" signature="teardown()[pri:0, instance:com.learnautomation.testcases.LoginTestCRM@1fbc7afb]" name="teardown" is-config="true" duration-ms="0" started-at="2019-04-12T17:13:30Z" finished-at="2019-04-12T17:13:30Z">
          <reporter-output>
          </reporter-output>
        </test-method> <!-- teardown -->
      </class> <!-- com.learnautomation.testcases.LoginTestCRM -->
    </test> <!-- Default test -->
  </suite> <!-- Default suite -->
</testng-results>
